<?xml version="1.0" encoding="UTF-8"?>
<!-- Generated by org.testng.reporters.JUnitReportReporter -->
<testsuite skipped="0" hostname="Dhruba" name="com.qa.amazon.testbase.TestBase" tests="2" failures="0" timestamp="07 Jan 2019 18:36:31 GMT" time="29.088" errors="0">
  <testcase name="register" time="11.891" classname="com.qa.amazon.testbase.TestBase"/>
  <testcase name="login" time="17.197" classname="com.qa.amazon.testbase.TestBase"/>
</testsuite> <!-- com.qa.amazon.testbase.TestBase -->
